<?xml version="1.0" encoding="UTF-8"?>
<testsuite name="com.ederfmatos.kotlintestdatabuilder.AppTest" tests="1" skipped="0" failures="0" errors="0" timestamp="2021-01-17T20:58:15" hostname="ederfmatos" time="0.548">
  <properties/>
  <testcase name="test()" classname="com.ederfmatos.kotlintestdatabuilder.AppTest" time="0.548"/>
  <system-out><![CDATA[Response: [Response(name=faHzMvOZQUPv1mbm2ZFGlW, age=70, active=true, genre=O, createdAt=Wed Dec 31 21:00:03 BRT 1969, salary=0.059523142417610586, price=0.6986249, list=[Wb9UAWXVp29sy8l_81NAXSyFNMSqmCVk, XCBgNDtvooG, Mvf1NCDgyKytfu, Mb1HkViw_EcRvp_G3g54xGxjpnBs, nkXjQy69TinJQ4hAk2C_mJP, P-xcmUMZepLkuR9Lapi1D, yrTY2lBnv27WqsBe26tTze, mIYzkP_QKqCgm_, Gq5pGvwidkw9CO1uuBCSki61kFs, tQomuOPaNtV1safPB5UNC_lDAfi97MOY6, PTeFroqUAldDi], types=[INACTIVE, INACTIVE, TEST, TEST, INACTIVE, INACTIVE, INACTIVE, INACTIVE, TEST, TEST, TEST], values=[0.2105562041761816, 0.4958829273545371, 0.6727439586182371, 0.37401103304263583, 0.028230276489184525, 0.47392266600301125, 0.03775929820739621, 0.17449650979990483], valuesSet=[0.2526408859621764, 0.3328989035532889, 0.28936053151716123], valuesMutableSet=[5reLwxwl7f3GErRB79b7-nGryic, cuR3O5d99H_4it, 2lzqZIFmHMcB6lZX64, Bfc_zXMTx5enNwKabXsPNm1x_3P, rZVcG646MEZHvTOYVCK, XeYi5OTG9MBvdXv, hxq__AjC6dP5I4E315Z16C96P], valuesMutableList=[LRtmpBAW9uNucxn4iJ3R6LedrY55f_oG, nxiadwqJaRc5e, NsmIc6FOHAFC, -hy4h3ejFvXiIY7bGQOb, PXhpmbwaOLkxcBfo3n6CZK, 2KTDdfK7awSEgOW1cIKcizfPPNBp7, 1HL7xaYou7Yj6nUBEtOrEv8C-v, QyeByhF324lAQ_yBI_i, sP3XKpJIScp7mSYf5ZmIXvO, uDIp5I-JGussq, TLfwTcS3QKC_a7-qVI_4E, 8THp5fXLOnuVFlLqWc8vNZgNHN9L8MHRVKV], birthday=2001-08-17, time=6861832603402557233, map={-zBWsQDPjAo9iiBDxEBQv_rrgpk4aF2=ORmxaJXu-faRc8e8TEQDea, Q1qeLEG8czDi-E_LxwhQJc=Tny1sjkCkugpEMFTUYe7}, type=TEST, datetime=2010-04-08T16:36:36, secondary=Secondary(name=oqEfcJxXVwNsRkoDsFZ))]
]]></system-out>
  <system-err><![CDATA[]]></system-err>
</testsuite>
